  Application.cpp
C:\Program Files (x86)\Windows Kits\10\Include\10.0.19041.0\shared\minwindef.h(130,1): warning C4005: 'APIENTRY': macro redefinition
D:\Download Favourites\SDK\glfw-3.3.6.bin.WIN32\include\GLFW\glfw3.h(123): message : see previous definition of 'APIENTRY'
  BoxEmitter.cpp
D:\KDU\[Dated] 2020-9\Data Comm & Networking\TicTacToe\TicTacToe\BoxEmitter.cpp(21,55): warning C4244: 'argument': conversion from 'double' to 'float', possible loss of data
D:\KDU\[Dated] 2020-9\Data Comm & Networking\TicTacToe\TicTacToe\BoxEmitter.cpp(21,29): warning C4244: 'argument': conversion from 'double' to 'float', possible loss of data
D:\KDU\[Dated] 2020-9\Data Comm & Networking\TicTacToe\TicTacToe\BoxEmitter.cpp(22,57): warning C4244: 'argument': conversion from 'double' to 'float', possible loss of data
D:\KDU\[Dated] 2020-9\Data Comm & Networking\TicTacToe\TicTacToe\BoxEmitter.cpp(22,29): warning C4244: 'argument': conversion from 'double' to 'float', possible loss of data
  CircleEmitter.cpp
  Color.cpp
  ColorAffector.cpp
  EmitterShape.cpp
  GameObject.cpp
D:\KDU\[Dated] 2020-9\Data Comm & Networking\TicTacToe\TicTacToe\vector.h(141,14): warning C4244: 'return': conversion from 'double' to 'float', possible loss of data
D:\KDU\[Dated] 2020-9\Data Comm & Networking\TicTacToe\TicTacToe\matrix.h(189,11): warning C4244: 'initializing': conversion from 'double' to 'float', possible loss of data
D:\KDU\[Dated] 2020-9\Data Comm & Networking\TicTacToe\TicTacToe\matrix.h(190,11): warning C4244: 'initializing': conversion from 'double' to 'float', possible loss of data
  GravityAffector.cpp
  Main.cpp
D:\KDU\[Dated] 2020-9\Data Comm & Networking\TicTacToe\TicTacToe\vector.h(141,14): warning C4244: 'return': conversion from 'double' to 'float', possible loss of data
D:\KDU\[Dated] 2020-9\Data Comm & Networking\TicTacToe\TicTacToe\matrix.h(189,11): warning C4244: 'initializing': conversion from 'double' to 'float', possible loss of data
D:\KDU\[Dated] 2020-9\Data Comm & Networking\TicTacToe\TicTacToe\matrix.h(190,11): warning C4244: 'initializing': conversion from 'double' to 'float', possible loss of data
C:\Program Files (x86)\Windows Kits\10\Include\10.0.19041.0\shared\minwindef.h(130,1): warning C4005: 'APIENTRY': macro redefinition
D:\Download Favourites\SDK\glfw-3.3.6.bin.WIN32\include\GLFW\glfw3.h(123): message : see previous definition of 'APIENTRY'
D:\KDU\[Dated] 2020-9\Data Comm & Networking\TicTacToe\TicTacToe\Main.cpp(171,21): warning C4018: '<': signed/unsigned mismatch
D:\KDU\[Dated] 2020-9\Data Comm & Networking\TicTacToe\TicTacToe\Main.cpp(253,17): warning C4244: 'initializing': conversion from 'double' to 'int', possible loss of data
  matrix.cpp
D:\KDU\[Dated] 2020-9\Data Comm & Networking\TicTacToe\TicTacToe\vector.h(141,14): warning C4244: 'return': conversion from 'double' to 'float', possible loss of data
D:\KDU\[Dated] 2020-9\Data Comm & Networking\TicTacToe\TicTacToe\matrix.h(189,11): warning C4244: 'initializing': conversion from 'double' to 'float', possible loss of data
D:\KDU\[Dated] 2020-9\Data Comm & Networking\TicTacToe\TicTacToe\matrix.h(190,11): warning C4244: 'initializing': conversion from 'double' to 'float', possible loss of data
  MyPhoton.cpp
C:\Program Files (x86)\Windows Kits\10\Include\10.0.19041.0\shared\minwindef.h(130,1): warning C4005: 'APIENTRY': macro redefinition
D:\Download Favourites\SDK\glfw-3.3.6.bin.WIN32\include\GLFW\glfw3.h(123): message : see previous definition of 'APIENTRY'
D:\KDU\[Dated] 2020-9\Data Comm & Networking\TicTacToe\TicTacToe\MyPhoton.cpp(88,20): warning C4018: '<': signed/unsigned mismatch
D:\KDU\[Dated] 2020-9\Data Comm & Networking\TicTacToe\TicTacToe\MyPhoton.cpp(206,22): warning C4018: '<': signed/unsigned mismatch
  ParticleAffector.cpp
  ParticleObject.cpp
D:\KDU\[Dated] 2020-9\Data Comm & Networking\TicTacToe\TicTacToe\vector.h(141,14): warning C4244: 'return': conversion from 'double' to 'float', possible loss of data
  ParticleSystem.cpp
D:\KDU\[Dated] 2020-9\Data Comm & Networking\TicTacToe\TicTacToe\vector.h(141,14): warning C4244: 'return': conversion from 'double' to 'float', possible loss of data
D:\KDU\[Dated] 2020-9\Data Comm & Networking\TicTacToe\TicTacToe\ParticleSystem.cpp(73,34): warning C4305: 'argument': truncation from 'double' to 'float'
D:\KDU\[Dated] 2020-9\Data Comm & Networking\TicTacToe\TicTacToe\ParticleSystem.cpp(79,49): warning C4305: 'argument': truncation from 'double' to 'float'
D:\KDU\[Dated] 2020-9\Data Comm & Networking\TicTacToe\TicTacToe\ParticleSystem.cpp(106,40): warning C4305: 'argument': truncation from 'double' to 'float'
  RingEmitter.cpp
  RotatorAffector.cpp
  ScaleAffector.cpp
  Sprite.cpp
D:\KDU\[Dated] 2020-9\Data Comm & Networking\TicTacToe\TicTacToe\Sprite.cpp(94,60): warning C4244: 'argument': conversion from 'double' to 'GLfloat', possible loss of data
D:\KDU\[Dated] 2020-9\Data Comm & Networking\TicTacToe\TicTacToe\Sprite.cpp(93,66): warning C4244: 'argument': conversion from 'double' to 'GLfloat', possible loss of data
D:\KDU\[Dated] 2020-9\Data Comm & Networking\TicTacToe\TicTacToe\Sprite.cpp(98,60): warning C4244: 'argument': conversion from 'double' to 'GLfloat', possible loss of data
D:\KDU\[Dated] 2020-9\Data Comm & Networking\TicTacToe\TicTacToe\Sprite.cpp(97,66): warning C4244: 'argument': conversion from 'double' to 'GLfloat', possible loss of data
D:\KDU\[Dated] 2020-9\Data Comm & Networking\TicTacToe\TicTacToe\Sprite.cpp(102,60): warning C4244: 'argument': conversion from 'double' to 'GLfloat', possible loss of data
D:\KDU\[Dated] 2020-9\Data Comm & Networking\TicTacToe\TicTacToe\Sprite.cpp(101,66): warning C4244: 'argument': conversion from 'double' to 'GLfloat', possible loss of data
D:\KDU\[Dated] 2020-9\Data Comm & Networking\TicTacToe\TicTacToe\Sprite.cpp(106,60): warning C4244: 'argument': conversion from 'double' to 'GLfloat', possible loss of data
D:\KDU\[Dated] 2020-9\Data Comm & Networking\TicTacToe\TicTacToe\Sprite.cpp(105,66): warning C4244: 'argument': conversion from 'double' to 'GLfloat', possible loss of data
D:\KDU\[Dated] 2020-9\Data Comm & Networking\TicTacToe\TicTacToe\Sprite.cpp(110,63): warning C4244: 'argument': conversion from 'double' to 'GLfloat', possible loss of data
D:\KDU\[Dated] 2020-9\Data Comm & Networking\TicTacToe\TicTacToe\Sprite.cpp(109,66): warning C4244: 'argument': conversion from 'double' to 'GLfloat', possible loss of data
D:\KDU\[Dated] 2020-9\Data Comm & Networking\TicTacToe\TicTacToe\Sprite.cpp(114,60): warning C4244: 'argument': conversion from 'double' to 'GLfloat', possible loss of data
D:\KDU\[Dated] 2020-9\Data Comm & Networking\TicTacToe\TicTacToe\Sprite.cpp(113,66): warning C4244: 'argument': conversion from 'double' to 'GLfloat', possible loss of data
  TicTacToe.cpp
D:\KDU\[Dated] 2020-9\Data Comm & Networking\TicTacToe\TicTacToe\TicTacToe.cpp(253,40): warning C4305: 'argument': truncation from 'double' to 'float'
D:\KDU\[Dated] 2020-9\Data Comm & Networking\TicTacToe\TicTacToe\TicTacToe.cpp(301,41): warning C4305: 'argument': truncation from 'double' to 'float'
  Generating Code...
LINK : warning LNK4098: defaultlib 'MSVCRT' conflicts with use of other libs; use /NODEFAULTLIB:library
  TicTacToe.vcxproj -> D:\KDU\[Dated] 2020-9\Data Comm & Networking\TicTacToe\Debug\TicTacToe.exe
